<?xml version="1.0" encoding="utf-8"?><testsuites name="pytest tests"><testsuite name="pytest" errors="0" failures="0" skipped="2" tests="49" time="12.798" timestamp="2026-02-14T17:07:31.735955+00:00" hostname="agent-env-bedec94c-8736-4dd9-84d9-c5fa0dc21dbd"><testcase classname="backend.tests.test_beds24_availability.TestHealthAndBasics" name="test_api_health" time="0.255" /><testcase classname="backend.tests.test_beds24_availability.TestHealthAndBasics" name="test_get_properties" time="0.123" /><testcase classname="backend.tests.test_beds24_availability.TestAvailabilityEndpoint" name="test_availability_demo_property" time="0.118" /><testcase classname="backend.tests.test_beds24_availability.TestAvailabilityEndpoint" name="test_availability_showcase_property" time="0.099" /><testcase classname="backend.tests.test_beds24_availability.TestAvailabilityEndpoint" name="test_availability_beds24_property" time="0.153"><skipped type="pytest.skip" message="Beds24 test property a24bdc95-f38e-49d5-8f7c-8e55e5815757 not found - may need to sync">/app/backend/tests/test_beds24_availability.py:95: Beds24 test property a24bdc95-f38e-49d5-8f7c-8e55e5815757 not found - may need to sync</skipped></testcase><testcase classname="backend.tests.test_beds24_availability.TestAvailabilityEndpoint" name="test_availability_invalid_property" time="0.120" /><testcase classname="backend.tests.test_beds24_availability.TestPriceQuoteEndpoint" name="test_price_quote_demo_property" time="0.149" /><testcase classname="backend.tests.test_beds24_availability.TestPriceQuoteEndpoint" name="test_price_quote_showcase_property" time="0.145" /><testcase classname="backend.tests.test_beds24_availability.TestPriceQuoteEndpoint" name="test_price_quote_beds24_property" time="0.148"><skipped type="pytest.skip" message="Beds24 test property a24bdc95-f38e-49d5-8f7c-8e55e5815757 not found">/app/backend/tests/test_beds24_availability.py:189: Beds24 test property a24bdc95-f38e-49d5-8f7c-8e55e5815757 not found</skipped></testcase><testcase classname="backend.tests.test_beds24_availability.TestPriceQuoteEndpoint" name="test_price_quote_invalid_dates" time="0.283" /><testcase classname="backend.tests.test_beds24_availability.TestPriceQuoteEndpoint" name="test_price_quote_invalid_property" time="0.150" /><testcase classname="backend.tests.test_beds24_availability.TestBeds24Sync" name="test_get_beds24_properties_raw" time="2.090" /><testcase classname="backend.tests.test_p0_features.TestPropertiesAPIFiltering" name="test_api_properties_returns_200" time="0.137" /><testcase classname="backend.tests.test_p0_features.TestPropertiesAPIFiltering" name="test_api_properties_without_param_returns_only_active" time="0.102" /><testcase classname="backend.tests.test_p0_features.TestPropertiesAPIFiltering" name="test_api_properties_with_include_hidden_returns_all" time="0.115" /><testcase classname="backend.tests.test_p0_features.TestPropertiesAPIFiltering" name="test_include_hidden_returns_more_properties_than_default" time="0.252" /><testcase classname="backend.tests.test_p0_features.TestPropertiesAPIFiltering" name="test_hidden_properties_have_is_active_false" time="0.174" /><testcase classname="backend.tests.test_p0_features.TestSiteImagesNewKeys" name="test_get_site_images_returns_200" time="0.543" /><testcase classname="backend.tests.test_p0_features.TestSiteImagesNewKeys" name="test_site_images_contains_home_page_keys" time="0.148" /><testcase classname="backend.tests.test_p0_features.TestSiteImagesNewKeys" name="test_site_images_contains_services_page_keys" time="0.127" /><testcase classname="backend.tests.test_p0_features.TestSiteImagesNewKeys" name="test_site_images_contains_contact_page_key" time="0.153" /><testcase classname="backend.tests.test_p0_features.TestSiteImagesNewKeys" name="test_site_images_contains_properties_page_key" time="0.204" /><testcase classname="backend.tests.test_p0_features.TestSiteImagesNewKeys" name="test_all_new_image_keys_present" time="0.157" /><testcase classname="backend.tests.test_p0_features.TestBookingAPIFlow" name="test_price_quote_endpoint_works" time="0.230" /><testcase classname="backend.tests.test_p0_features.TestBookingAPIFlow" name="test_create_booking_endpoint_works" time="0.593" /><testcase classname="backend.tests.test_p0_features.TestBookingAPIFlow" name="test_availability_endpoint_works" time="0.262" /><testcase classname="backend.tests.test_p0_features.TestHealthCheck" name="test_api_health" time="0.121" /><testcase classname="backend.tests.test_site_images.TestSiteImagesAPI" name="test_get_site_images_returns_200" time="0.786" /><testcase classname="backend.tests.test_site_images.TestSiteImagesAPI" name="test_get_site_images_returns_images_object" time="0.239" /><testcase classname="backend.tests.test_site_images.TestSiteImagesAPI" name="test_get_site_images_contains_required_keys" time="0.188" /><testcase classname="backend.tests.test_site_images.TestSiteImagesAPI" name="test_get_site_images_urls_are_valid_format" time="0.119" /><testcase classname="backend.tests.test_site_images.TestSiteImagesAPI" name="test_put_site_images_returns_success" time="0.337" /><testcase classname="backend.tests.test_site_images.TestSiteImagesAPI" name="test_put_site_images_persists_data" time="0.502" /><testcase classname="backend.tests.test_site_images.TestSiteImagesAPI" name="test_put_site_images_partial_update" time="0.387" /><testcase classname="backend.tests.test_site_images.TestHealthAndIntegration" name="test_api_health" time="0.113" /><testcase classname="backend.tests.test_upload_and_contact.TestImageUploadAPI" name="test_upload_valid_png_image" time="0.134" /><testcase classname="backend.tests.test_upload_and_contact.TestImageUploadAPI" name="test_upload_valid_jpg_image" time="0.122" /><testcase classname="backend.tests.test_upload_and_contact.TestImageUploadAPI" name="test_upload_invalid_file_type" time="0.117" /><testcase classname="backend.tests.test_upload_and_contact.TestImageUploadAPI" name="test_upload_no_file" time="0.138" /><testcase classname="backend.tests.test_upload_and_contact.TestUploadedImageServing" name="test_serve_uploaded_image" time="0.324" /><testcase classname="backend.tests.test_upload_and_contact.TestUploadedImageServing" name="test_serve_nonexistent_image" time="0.252" /><testcase classname="backend.tests.test_upload_and_contact.TestShowcasePropertyContactForm" name="test_contact_form_submission" time="0.134" /><testcase classname="backend.tests.test_upload_and_contact.TestShowcasePropertyContactForm" name="test_contact_form_with_minimal_data" time="0.197" /><testcase classname="backend.tests.test_upload_and_contact.TestShowcasePropertyContactForm" name="test_contact_form_missing_required_fields" time="0.147" /><testcase classname="backend.tests.test_upload_and_contact.TestShowcasePropertyContactForm" name="test_contact_form_invalid_email" time="0.126" /><testcase classname="backend.tests.test_upload_and_contact.TestShowcaseProperty" name="test_get_showcase_property" time="0.155" /><testcase classname="backend.tests.test_upload_and_contact.TestShowcaseProperty" name="test_showcase_property_no_price" time="0.611" /><testcase classname="backend.tests.test_upload_and_contact.TestHealthAndIntegration" name="test_api_health" time="0.164" /><testcase classname="backend.tests.test_upload_and_contact.TestHealthAndIntegration" name="test_uploads_directory_exists" time="0.256" /></testsuite></testsuites>