<?xml version="1.0" encoding="utf-8"?><testsuites name="pytest tests"><testsuite name="pytest" errors="0" failures="0" skipped="0" tests="12" time="5.268" timestamp="2026-02-14T15:59:27.755883+00:00" hostname="agent-env-f5ad48fd-f328-4428-b71d-6e2c22dd0f73"><testcase classname="backend.tests.test_beds24_availability.TestHealthAndBasics" name="test_api_health" time="0.122" /><testcase classname="backend.tests.test_beds24_availability.TestHealthAndBasics" name="test_get_properties" time="0.107" /><testcase classname="backend.tests.test_beds24_availability.TestAvailabilityEndpoint" name="test_availability_demo_property" time="0.102" /><testcase classname="backend.tests.test_beds24_availability.TestAvailabilityEndpoint" name="test_availability_showcase_property" time="0.113" /><testcase classname="backend.tests.test_beds24_availability.TestAvailabilityEndpoint" name="test_availability_beds24_property" time="1.322" /><testcase classname="backend.tests.test_beds24_availability.TestAvailabilityEndpoint" name="test_availability_invalid_property" time="0.165" /><testcase classname="backend.tests.test_beds24_availability.TestPriceQuoteEndpoint" name="test_price_quote_demo_property" time="0.154" /><testcase classname="backend.tests.test_beds24_availability.TestPriceQuoteEndpoint" name="test_price_quote_showcase_property" time="0.134" /><testcase classname="backend.tests.test_beds24_availability.TestPriceQuoteEndpoint" name="test_price_quote_beds24_property" time="1.821" /><testcase classname="backend.tests.test_beds24_availability.TestPriceQuoteEndpoint" name="test_price_quote_invalid_dates" time="0.109" /><testcase classname="backend.tests.test_beds24_availability.TestPriceQuoteEndpoint" name="test_price_quote_invalid_property" time="0.131" /><testcase classname="backend.tests.test_beds24_availability.TestBeds24Sync" name="test_get_beds24_properties_raw" time="0.933" /></testsuite></testsuites>