<?xml version="1.0" encoding="utf-8"?><testsuites name="pytest tests"><testsuite name="pytest" errors="0" failures="0" skipped="0" tests="12" time="1.631" timestamp="2026-03-23T08:55:34.835687+00:00" hostname="agent-env-42c28f94-ad0d-4feb-83c9-6b0e0fa83a81"><testcase classname="backend.tests.test_cosycasa_api.TestHealthAndBasicEndpoints" name="test_health_check" time="0.161" /><testcase classname="backend.tests.test_cosycasa_api.TestHealthAndBasicEndpoints" name="test_root_endpoint" time="0.101" /><testcase classname="backend.tests.test_cosycasa_api.TestCategoriesEndpoint" name="test_get_categories" time="0.093" /><testcase classname="backend.tests.test_cosycasa_api.TestPropertiesEndpoint" name="test_get_properties_public" time="0.097" /><testcase classname="backend.tests.test_cosycasa_api.TestPropertiesEndpoint" name="test_get_properties_with_hidden" time="0.120" /><testcase classname="backend.tests.test_cosycasa_api.TestPropertiesEndpoint" name="test_get_properties_by_category" time="0.112" /><testcase classname="backend.tests.test_cosycasa_api.TestAdminEndpoint" name="test_admin_login_success" time="0.098" /><testcase classname="backend.tests.test_cosycasa_api.TestAdminEndpoint" name="test_admin_login_failure" time="0.094" /><testcase classname="backend.tests.test_cosycasa_api.TestSiteImagesEndpoint" name="test_get_site_images" time="0.100" /><testcase classname="backend.tests.test_cosycasa_api.TestContactEndpoint" name="test_submit_contact" time="0.094" /><testcase classname="backend.tests.test_cosycasa_api.TestBeds24SyncEndpoint" name="test_get_sync_status" time="0.415" /><testcase classname="backend.tests.test_cosycasa_api.TestServicesPdfEndpoint" name="test_get_services_pdf" time="0.093" /></testsuite></testsuites>