<?xml version="1.0" encoding="utf-8"?><testsuites name="pytest tests"><testsuite name="pytest" errors="0" failures="0" skipped="0" tests="15" time="2.853" timestamp="2026-02-14T17:07:21.936567+00:00" hostname="agent-env-bedec94c-8736-4dd9-84d9-c5fa0dc21dbd"><testcase classname="backend.tests.test_p0_features.TestPropertiesAPIFiltering" name="test_api_properties_returns_200" time="0.253" /><testcase classname="backend.tests.test_p0_features.TestPropertiesAPIFiltering" name="test_api_properties_without_param_returns_only_active" time="0.134" /><testcase classname="backend.tests.test_p0_features.TestPropertiesAPIFiltering" name="test_api_properties_with_include_hidden_returns_all" time="0.140" /><testcase classname="backend.tests.test_p0_features.TestPropertiesAPIFiltering" name="test_include_hidden_returns_more_properties_than_default" time="0.272" /><testcase classname="backend.tests.test_p0_features.TestPropertiesAPIFiltering" name="test_hidden_properties_have_is_active_false" time="0.220" /><testcase classname="backend.tests.test_p0_features.TestSiteImagesNewKeys" name="test_get_site_images_returns_200" time="0.118" /><testcase classname="backend.tests.test_p0_features.TestSiteImagesNewKeys" name="test_site_images_contains_home_page_keys" time="0.154" /><testcase classname="backend.tests.test_p0_features.TestSiteImagesNewKeys" name="test_site_images_contains_services_page_keys" time="0.128" /><testcase classname="backend.tests.test_p0_features.TestSiteImagesNewKeys" name="test_site_images_contains_contact_page_key" time="0.114" /><testcase classname="backend.tests.test_p0_features.TestSiteImagesNewKeys" name="test_site_images_contains_properties_page_key" time="0.122" /><testcase classname="backend.tests.test_p0_features.TestSiteImagesNewKeys" name="test_all_new_image_keys_present" time="0.182" /><testcase classname="backend.tests.test_p0_features.TestBookingAPIFlow" name="test_price_quote_endpoint_works" time="0.400" /><testcase classname="backend.tests.test_p0_features.TestBookingAPIFlow" name="test_create_booking_endpoint_works" time="0.219" /><testcase classname="backend.tests.test_p0_features.TestBookingAPIFlow" name="test_availability_endpoint_works" time="0.221" /><testcase classname="backend.tests.test_p0_features.TestHealthCheck" name="test_api_health" time="0.106" /></testsuite></testsuites>