<?xml version="1.0" encoding="utf-8"?><testsuites name="pytest tests"><testsuite name="pytest" errors="0" failures="0" skipped="0" tests="8" time="3.936" timestamp="2026-02-14T15:10:29.063960+00:00" hostname="agent-env-f5ad48fd-f328-4428-b71d-6e2c22dd0f73"><testcase classname="backend.tests.test_site_images.TestSiteImagesAPI" name="test_get_site_images_returns_200" time="1.219" /><testcase classname="backend.tests.test_site_images.TestSiteImagesAPI" name="test_get_site_images_returns_images_object" time="0.235" /><testcase classname="backend.tests.test_site_images.TestSiteImagesAPI" name="test_get_site_images_contains_required_keys" time="0.110" /><testcase classname="backend.tests.test_site_images.TestSiteImagesAPI" name="test_get_site_images_urls_are_valid_format" time="0.560" /><testcase classname="backend.tests.test_site_images.TestSiteImagesAPI" name="test_put_site_images_returns_success" time="0.729" /><testcase classname="backend.tests.test_site_images.TestSiteImagesAPI" name="test_put_site_images_persists_data" time="0.530" /><testcase classname="backend.tests.test_site_images.TestSiteImagesAPI" name="test_put_site_images_partial_update" time="0.356" /><testcase classname="backend.tests.test_site_images.TestHealthAndIntegration" name="test_api_health" time="0.143" /></testsuite></testsuites>