<?xml version="1.0" encoding="utf-8"?><testsuites name="pytest tests"><testsuite name="pytest" errors="0" failures="0" skipped="0" tests="14" time="2.372" timestamp="2026-02-14T15:38:10.176714+00:00" hostname="agent-env-f5ad48fd-f328-4428-b71d-6e2c22dd0f73"><testcase classname="backend.tests.test_upload_and_contact.TestImageUploadAPI" name="test_upload_valid_png_image" time="0.217" /><testcase classname="backend.tests.test_upload_and_contact.TestImageUploadAPI" name="test_upload_valid_jpg_image" time="0.125" /><testcase classname="backend.tests.test_upload_and_contact.TestImageUploadAPI" name="test_upload_invalid_file_type" time="0.202" /><testcase classname="backend.tests.test_upload_and_contact.TestImageUploadAPI" name="test_upload_no_file" time="0.159" /><testcase classname="backend.tests.test_upload_and_contact.TestUploadedImageServing" name="test_serve_uploaded_image" time="0.231" /><testcase classname="backend.tests.test_upload_and_contact.TestUploadedImageServing" name="test_serve_nonexistent_image" time="0.216" /><testcase classname="backend.tests.test_upload_and_contact.TestShowcasePropertyContactForm" name="test_contact_form_submission" time="0.212" /><testcase classname="backend.tests.test_upload_and_contact.TestShowcasePropertyContactForm" name="test_contact_form_with_minimal_data" time="0.139" /><testcase classname="backend.tests.test_upload_and_contact.TestShowcasePropertyContactForm" name="test_contact_form_missing_required_fields" time="0.105" /><testcase classname="backend.tests.test_upload_and_contact.TestShowcasePropertyContactForm" name="test_contact_form_invalid_email" time="0.112" /><testcase classname="backend.tests.test_upload_and_contact.TestShowcaseProperty" name="test_get_showcase_property" time="0.106" /><testcase classname="backend.tests.test_upload_and_contact.TestShowcaseProperty" name="test_showcase_property_no_price" time="0.216" /><testcase classname="backend.tests.test_upload_and_contact.TestHealthAndIntegration" name="test_api_health" time="0.129" /><testcase classname="backend.tests.test_upload_and_contact.TestHealthAndIntegration" name="test_uploads_directory_exists" time="0.135" /></testsuite></testsuites>